============================= test session starts =============================
platform win32 -- Python 3.12.12, pytest-9.0.2, pluggy-1.6.0
rootdir: K:\_PROJECTS\navig\navig-core
configfile: pytest.ini
plugins: anyio-4.12.1, asyncio-1.3.0, cov-7.0.0, timeout-2.4.0
asyncio: mode=Mode.AUTO, debug=False, asyncio_default_fixture_loop_scope=None, asyncio_default_test_loop_scope=function
collected 2918 items

tests\e2e\test_gateway_api.py ..                                         [  0%]
tests\mesh\test_registry.py ...........                                  [  0%]
tests\providers\test_registry.py ...........................             [  1%]
tests\selfheal\test_git_manager.py .........                             [  1%]
tests\selfheal\test_patcher.py ...........                               [  2%]
tests\selfheal\test_scanner.py ...........                               [  2%]
tests\test_agent.py ............................................         [  3%]
tests\test_agent_config.py .......                                       [  4%]
tests\test_agent_tool_dispatch.py ......................                 [  4%]
tests\test_ahk_adapter.py .....                                          [  5%]
tests\test_ahk_evolver.py .......                                        [  5%]
tests\test_ai_client.py ..                                               [  5%]
tests\test_all_modules.py ..................                             [  6%]
tests\test_api_snapshot.py ............................................. [  7%]
..........................                                               [  8%]
tests\test_approval.py .............                                     [  8%]
tests\test_approval_gate.py ........                                     [  9%]
tests\test_audio_handler.py ...............                              [  9%]
tests\test_auth_profiles.py ................                             [ 10%]
tests\test_auto_evolve.py .........................                      [ 11%]
tests\test_autoheal.py .......................................           [ 12%]
tests\test_autonomous_agent.py ssssssssF                                 [ 12%]
tests\test_backward_compat.py .....                                      [ 12%]
tests\test_blackbox_bundle.py .F..F                                      [ 13%]
tests\test_blackbox_export.py ...                                        [ 13%]
tests\test_blackbox_seal.py .F.F.F                                       [ 13%]
tests\test_blackbox_types.py .....                                       [ 13%]
tests\test_bridge.py ....................                                [ 14%]
tests\test_bridge_port.py ........s...                                   [ 14%]
tests\test_cli_enhancements.py .........                                 [ 14%]
tests\test_cli_surface_regressions.py ..........                         [ 15%]
tests\test_cli_wizard.py ................                                [ 15%]
tests\test_comms_integration.py .............                            [ 16%]
tests\test_config.py .......................                             [ 17%]
tests\test_connection.py .....................                           [ 17%]
tests\test_connection_pool.py .....................                      [ 18%]
tests\test_context_builder.py .................                          [ 19%]
tests\test_contracts.py ................................................ [ 20%]
..........                                                               [ 21%]
tests\test_conversational_agent.py .................................     [ 22%]
tests\test_cortex_engine.py ........................................sss  [ 23%]
tests\test_daemon.py .................                                   [ 24%]
tests\test_debug_logger.py .............                                 [ 24%]
tests\test_decoy_guard.py ......................                         [ 25%]
tests\test_deploy_adapters.py ...............                            [ 26%]
tests\test_deploy_config.py ..................                           [ 26%]
tests\test_deploy_lifecycle.py ........................                  [ 27%]
tests\test_discovery.py ........                                         [ 27%]
tests\test_engine_queue.py ........                                      [ 27%]
tests\test_event_bridge.py ............................                  [ 28%]
tests\test_exec_pack.py ...............                                  [ 29%]
tests\test_execution_modes.py ......................                     [ 30%]
tests\test_filtering_engine.py .................                         [ 30%]
tests\test_first_run.py ..............                                   [ 31%]
tests\test_formations.py ................................                [ 32%]
tests\test_gateway_core_routes.py .....                                  [ 32%]
tests\test_gateway_server_runtime.py ........                            [ 32%]
tests\test_goal_orchestration.py ....................................... [ 34%]
.....                                                                    [ 34%]
tests\test_help_system.py ....................                           [ 35%]
tests\test_hierarchical_config.py .                                      [ 35%]
tests\test_hooks.py ....................                                 [ 35%]
tests\test_inbox_module.py .............................                 [ 36%]
tests\test_inbox_router.py ........................................      [ 38%]
tests\test_init_manual.py .                                              [ 38%]
tests\test_init_paths.py .....                                           [ 38%]
tests\test_install.py ....                                               [ 38%]
tests\test_installer.py ......................ss.....................    [ 39%]
tests\test_integration.py ...............                                [ 40%]
tests\test_intent_parser.py .......................................      [ 41%]
tests\test_interactive.py .......................                        [ 42%]
tests\test_interactive_menu_fixes.py ......                              [ 42%]
tests\test_key_facts.py ............................................     [ 44%]
tests\test_keys.py .........                                             [ 44%]
tests\test_llm_chat_route.py ........                                    [ 44%]
tests\test_llm_modes_schema.py ........                                  [ 45%]
tests\test_llm_probe.py ...........F.                                    [ 45%]
tests\test_llm_router.py ......................                          [ 46%]
tests\test_matrix.py ................................................... [ 48%]
........................................................................ [ 50%]
..........................                                               [ 51%]
tests\test_mcp_client.py ...................                             [ 52%]
tests\test_mcp_memory_tools.py ........                                  [ 52%]
tests\test_mcp_server.py ..............                                  [ 52%]
tests\test_mcp_server_agent_control_plane.py .....                       [ 53%]
tests\test_mcp_server_agent_resource_schema.py .....                     [ 53%]
tests\test_memory.py ................................................    [ 54%]
tests\test_memory_batching.py ..                                         [ 54%]
tests\test_mesh_auth.py ...........................                      [ 55%]
tests\test_mesh_collective.py .........................                  [ 56%]
tests\test_mesh_dedup.py .................                               [ 57%]
tests\test_mesh_discovery.py ...........                                 [ 57%]
tests\test_mesh_election.py ........                                     [ 57%]
tests\test_mesh_resilience.py ..............................             [ 59%]
tests\test_mesh_sync.py ......................                           [ 59%]
tests\test_migration.py ..................                               [ 60%]
tests\test_model_router.py ............................                  [ 61%]
tests\test_monitoring_unicode.py .............                           [ 61%]
tests\test_mount_commands.py .....s.................                     [ 62%]
tests\test_navig_backup.py ..............                                [ 63%]
tests\test_onboarding_engine.py .........                                [ 63%]
tests\test_onboarding_genesis.py .....                                   [ 63%]
tests\test_onboarding_integrations.py ......                             [ 63%]
tests\test_onboarding_runtime_secrets.py ...                             [ 63%]
tests\test_onboarding_status_json.py .............                       [ 64%]
tests\test_os_adapters.py ...........................................    [ 65%]
tests\test_output_validator.py ..................                        [ 66%]
tests\test_pipeline.py ........................................          [ 67%]
tests\test_plan_extractor.py ..........                                  [ 68%]
tests\test_plugin_cli.py ...                                             [ 68%]
tests\test_policy_gate.py ........................                       [ 69%]
tests\test_proactive_assistant.py .............                          [ 69%]
tests\test_proc.py ......F..........                                     [ 70%]
tests\test_project_indexer.py .......................................... [ 71%]
......                                                                   [ 71%]
tests\test_provider_urls.py ...................                          [ 72%]
tests\test_providers.py .................                                [ 72%]
tests\test_runtime_routes.py .....................                       [ 73%]
tests\test_safety_guard.py ..........                                    [ 73%]
tests\test_safety_pipeline.py .......................................... [ 75%]
.............                                                            [ 75%]
tests\test_security_commands.py FFFFF.                                   [ 76%]
tests\test_security_fixes.py .........                                   [ 76%]
tests\test_server_template_manager.py ......................             [ 77%]
tests\test_service_manager_runtime.py ................                   [ 77%]
tests\test_session_store.py .....................                        [ 78%]
tests\test_settings_resolver.py ...................                      [ 79%]
tests\test_skill_security.py ...............                             [ 79%]
tests\test_skills.py ..                                                  [ 79%]
tests\test_skills_prompt.py ......                                       [ 79%]
tests\test_slash_registry.py ssssssss                                    [ 80%]
tests\test_sprint4_safety.py .................................           [ 81%]
tests\test_storage_engine.py ........................................... [ 82%]
...                                                                      [ 82%]
tests\test_store.py .........................................            [ 84%]
tests\test_store_phase2.py ........................                      [ 85%]
tests\test_streaming_stt.py .                                            [ 85%]
tests\test_tasks.py ................                                     [ 85%]
tests\test_telegram_action_cards.py ......                               [ 85%]
tests\test_telegram_formatter.py .....................                   [ 86%]
tests\test_telegram_voice_bot.py ..                                      [ 86%]
tests\test_telegram_worker_config.py ....                                [ 86%]
