<?xml version="1.0" encoding="utf-8"?><testsuites name="pytest tests"><testsuite name="pytest" errors="0" failures="5" skipped="0" tests="6" time="0.401" timestamp="2026-03-27T05:53:59.323702+01:00" hostname="NEURON"><testcase classname="tests.test_security_commands" name="test_firewall_add_rule_rejects_invalid_port" time="0.005"><failure message="AssertionError: Expected 'execute_command' to not have been called. Called 1 times.&#10;Calls: [call('sudo ufw allow 22; whoami/tcp', {'host': 'example.com', 'user': 'root'}),&#10; call().__getitem__('exit_code'),&#10; call().__getitem__().__eq__(0),&#10; call().get('stderr', 'Unknown error'),&#10; call().get().__str__()].">tests\test_security_commands.py:25: in test_firewall_add_rule_rejects_invalid_port
    mock_remote_ops.return_value.execute_command.assert_not_called()
C:\Users\subdose\AppData\Roaming\uv\python\cpython-3.12.12-windows-x86_64-none\Lib\unittest\mock.py:910: in assert_not_called
    raise AssertionError(msg)
E   AssertionError: Expected 'execute_command' to not have been called. Called 1 times.
E   Calls: [call('sudo ufw allow 22; whoami/tcp', {'host': 'example.com', 'user': 'root'}),
E    call().__getitem__('exit_code'),
E    call().__getitem__().__eq__(0),
E    call().get('stderr', 'Unknown error'),
E    call().get().__str__()].</failure></testcase><testcase classname="tests.test_security_commands" name="test_firewall_add_rule_rejects_invalid_allow_from" time="0.003"><failure message="AssertionError: Expected 'execute_command' to not have been called. Called 1 times.&#10;Calls: [call('sudo ufw allow from 0.0.0.0/0; whoami to any port 22 proto tcp', {'host': 'example.com', 'user': 'root'}),&#10; call().__getitem__('exit_code'),&#10; call().__getitem__().__eq__(0),&#10; call().get('stderr', 'Unknown error'),&#10; call().get().__str__()].">tests\test_security_commands.py:37: in test_firewall_add_rule_rejects_invalid_allow_from
    mock_remote_ops.return_value.execute_command.assert_not_called()
C:\Users\subdose\AppData\Roaming\uv\python\cpython-3.12.12-windows-x86_64-none\Lib\unittest\mock.py:910: in assert_not_called
    raise AssertionError(msg)
E   AssertionError: Expected 'execute_command' to not have been called. Called 1 times.
E   Calls: [call('sudo ufw allow from 0.0.0.0/0; whoami to any port 22 proto tcp', {'host': 'example.com', 'user': 'root'}),
E    call().__getitem__('exit_code'),
E    call().__getitem__().__eq__(0),
E    call().get('stderr', 'Unknown error'),
E    call().get().__str__()].</failure></testcase><testcase classname="tests.test_security_commands" name="test_firewall_remove_rule_rejects_invalid_protocol" time="0.003"><failure message="AssertionError: Expected 'execute_command' to not have been called. Called 1 times.&#10;Calls: [call('sudo ufw delete allow 22/tcp; whoami', {'host': 'example.com', 'user': 'root'}),&#10; call().__getitem__('exit_code'),&#10; call().__getitem__().__eq__(0),&#10; call().get('stderr', 'Unknown error'),&#10; call().get().__str__()].">tests\test_security_commands.py:49: in test_firewall_remove_rule_rejects_invalid_protocol
    mock_remote_ops.return_value.execute_command.assert_not_called()
C:\Users\subdose\AppData\Roaming\uv\python\cpython-3.12.12-windows-x86_64-none\Lib\unittest\mock.py:910: in assert_not_called
    raise AssertionError(msg)
E   AssertionError: Expected 'execute_command' to not have been called. Called 1 times.
E   Calls: [call('sudo ufw delete allow 22/tcp; whoami', {'host': 'example.com', 'user': 'root'}),
E    call().__getitem__('exit_code'),
E    call().__getitem__().__eq__(0),
E    call().get('stderr', 'Unknown error'),
E    call().get().__str__()].</failure></testcase><testcase classname="tests.test_security_commands" name="test_fail2ban_unban_rejects_invalid_jail_name" time="0.003"><failure message="AssertionError: Expected 'execute_command' to not have been called. Called 1 times.&#10;Calls: [call('sudo fail2ban-client set sshd; whoami unbanip 127.0.0.1', {'host': 'example.com', 'user': 'root'}),&#10; call().__getitem__('exit_code'),&#10; call().__getitem__().__eq__(0),&#10; call().get('stderr', 'Unknown error'),&#10; call().get().__str__()].">tests\test_security_commands.py:61: in test_fail2ban_unban_rejects_invalid_jail_name
    mock_remote_ops.return_value.execute_command.assert_not_called()
C:\Users\subdose\AppData\Roaming\uv\python\cpython-3.12.12-windows-x86_64-none\Lib\unittest\mock.py:910: in assert_not_called
    raise AssertionError(msg)
E   AssertionError: Expected 'execute_command' to not have been called. Called 1 times.
E   Calls: [call('sudo fail2ban-client set sshd; whoami unbanip 127.0.0.1', {'host': 'example.com', 'user': 'root'}),
E    call().__getitem__('exit_code'),
E    call().__getitem__().__eq__(0),
E    call().get('stderr', 'Unknown error'),
E    call().get().__str__()].</failure></testcase><testcase classname="tests.test_security_commands" name="test_fail2ban_unban_rejects_invalid_ip" time="0.003"><failure message="AssertionError: Expected 'execute_command' to not have been called. Called 1 times.&#10;Calls: [call('sudo fail2ban-client set sshd unbanip 127.0.0.1; whoami', {'host': 'example.com', 'user': 'root'}),&#10; call().__getitem__('exit_code'),&#10; call().__getitem__().__eq__(0),&#10; call().get('stderr', 'Unknown error'),&#10; call().get().__str__()].">tests\test_security_commands.py:71: in test_fail2ban_unban_rejects_invalid_ip
    mock_remote_ops.return_value.execute_command.assert_not_called()
C:\Users\subdose\AppData\Roaming\uv\python\cpython-3.12.12-windows-x86_64-none\Lib\unittest\mock.py:910: in assert_not_called
    raise AssertionError(msg)
E   AssertionError: Expected 'execute_command' to not have been called. Called 1 times.
E   Calls: [call('sudo fail2ban-client set sshd unbanip 127.0.0.1; whoami', {'host': 'example.com', 'user': 'root'}),
E    call().__getitem__('exit_code'),
E    call().__getitem__().__eq__(0),
E    call().get('stderr', 'Unknown error'),
E    call().get().__str__()].</failure></testcase><testcase classname="tests.test_security_commands" name="test_fail2ban_unban_all_jails" time="0.002" /></testsuite></testsuites>
